Determining if files sys/endian.h exist failed with the following output:
Change Dir: /home/nikonoff/dev/DCSA/libhv-http/build/CMakeFiles/CMakeTmp

Run Build Command(s):/usr/bin/gmake -f Makefile cmTC_13187/fast && /usr/bin/gmake  -f CMakeFiles/cmTC_13187.dir/build.make CMakeFiles/cmTC_13187.dir/build
gmake[1]: Entering directory '/home/nikonoff/dev/DCSA/libhv-http/build/CMakeFiles/CMakeTmp'
Building C object CMakeFiles/cmTC_13187.dir/HAVE_SYS_ENDIAN_H.c.o
/usr/bin/cc    -o CMakeFiles/cmTC_13187.dir/HAVE_SYS_ENDIAN_H.c.o -c /home/nikonoff/dev/DCSA/libhv-http/build/CMakeFiles/CheckIncludeFiles/HAVE_SYS_ENDIAN_H.c
/home/nikonoff/dev/DCSA/libhv-http/build/CMakeFiles/CheckIncludeFiles/HAVE_SYS_ENDIAN_H.c:2:10: fatal error: sys/endian.h: No such file or directory
    2 | #include <sys/endian.h>
      |          ^~~~~~~~~~~~~~
compilation terminated.
gmake[1]: *** [CMakeFiles/cmTC_13187.dir/build.make:78: CMakeFiles/cmTC_13187.dir/HAVE_SYS_ENDIAN_H.c.o] Error 1
gmake[1]: Leaving directory '/home/nikonoff/dev/DCSA/libhv-http/build/CMakeFiles/CMakeTmp'
gmake: *** [Makefile:127: cmTC_13187/fast] Error 2


Source:
/* */
#include <sys/endian.h>


int main(void){return 0;}

Determining if the gettid exist failed with the following output:
Change Dir: /home/nikonoff/dev/DCSA/libhv-http/build/CMakeFiles/CMakeTmp

Run Build Command(s):/usr/bin/gmake -f Makefile cmTC_72cd6/fast && /usr/bin/gmake  -f CMakeFiles/cmTC_72cd6.dir/build.make CMakeFiles/cmTC_72cd6.dir/build
gmake[1]: Entering directory '/home/nikonoff/dev/DCSA/libhv-http/build/CMakeFiles/CMakeTmp'
Building C object CMakeFiles/cmTC_72cd6.dir/CheckSymbolExists.c.o
/usr/bin/cc    -o CMakeFiles/cmTC_72cd6.dir/CheckSymbolExists.c.o -c /home/nikonoff/dev/DCSA/libhv-http/build/CMakeFiles/CMakeTmp/CheckSymbolExists.c
/home/nikonoff/dev/DCSA/libhv-http/build/CMakeFiles/CMakeTmp/CheckSymbolExists.c: In function ‘main’:
/home/nikonoff/dev/DCSA/libhv-http/build/CMakeFiles/CMakeTmp/CheckSymbolExists.c:8:19: error: ‘gettid’ undeclared (first use in this function); did you mean ‘getgid’?
    8 |   return ((int*)(&gettid))[argc];
      |                   ^~~~~~
      |                   getgid
/home/nikonoff/dev/DCSA/libhv-http/build/CMakeFiles/CMakeTmp/CheckSymbolExists.c:8:19: note: each undeclared identifier is reported only once for each function it appears in
gmake[1]: *** [CMakeFiles/cmTC_72cd6.dir/build.make:78: CMakeFiles/cmTC_72cd6.dir/CheckSymbolExists.c.o] Error 1
gmake[1]: Leaving directory '/home/nikonoff/dev/DCSA/libhv-http/build/CMakeFiles/CMakeTmp'
gmake: *** [Makefile:127: cmTC_72cd6/fast] Error 2


File /home/nikonoff/dev/DCSA/libhv-http/build/CMakeFiles/CMakeTmp/CheckSymbolExists.c:
/* */
#include <unistd.h>

int main(int argc, char** argv)
{
  (void)argv;
#ifndef gettid
  return ((int*)(&gettid))[argc];
#else
  (void)argc;
  return 0;
#endif
}
Determining if the strlcpy exist failed with the following output:
Change Dir: /home/nikonoff/dev/DCSA/libhv-http/build/CMakeFiles/CMakeTmp

Run Build Command(s):/usr/bin/gmake -f Makefile cmTC_1f1b5/fast && /usr/bin/gmake  -f CMakeFiles/cmTC_1f1b5.dir/build.make CMakeFiles/cmTC_1f1b5.dir/build
gmake[1]: Entering directory '/home/nikonoff/dev/DCSA/libhv-http/build/CMakeFiles/CMakeTmp'
Building C object CMakeFiles/cmTC_1f1b5.dir/CheckSymbolExists.c.o
/usr/bin/cc    -o CMakeFiles/cmTC_1f1b5.dir/CheckSymbolExists.c.o -c /home/nikonoff/dev/DCSA/libhv-http/build/CMakeFiles/CMakeTmp/CheckSymbolExists.c
/home/nikonoff/dev/DCSA/libhv-http/build/CMakeFiles/CMakeTmp/CheckSymbolExists.c: In function ‘main’:
/home/nikonoff/dev/DCSA/libhv-http/build/CMakeFiles/CMakeTmp/CheckSymbolExists.c:8:19: error: ‘strlcpy’ undeclared (first use in this function); did you mean ‘strncpy’?
    8 |   return ((int*)(&strlcpy))[argc];
      |                   ^~~~~~~
      |                   strncpy
/home/nikonoff/dev/DCSA/libhv-http/build/CMakeFiles/CMakeTmp/CheckSymbolExists.c:8:19: note: each undeclared identifier is reported only once for each function it appears in
gmake[1]: *** [CMakeFiles/cmTC_1f1b5.dir/build.make:78: CMakeFiles/cmTC_1f1b5.dir/CheckSymbolExists.c.o] Error 1
gmake[1]: Leaving directory '/home/nikonoff/dev/DCSA/libhv-http/build/CMakeFiles/CMakeTmp'
gmake: *** [Makefile:127: cmTC_1f1b5/fast] Error 2


File /home/nikonoff/dev/DCSA/libhv-http/build/CMakeFiles/CMakeTmp/CheckSymbolExists.c:
/* */
#include <string.h>

int main(int argc, char** argv)
{
  (void)argv;
#ifndef strlcpy
  return ((int*)(&strlcpy))[argc];
#else
  (void)argc;
  return 0;
#endif
}
Determining if the strlcat exist failed with the following output:
Change Dir: /home/nikonoff/dev/DCSA/libhv-http/build/CMakeFiles/CMakeTmp

Run Build Command(s):/usr/bin/gmake -f Makefile cmTC_4133e/fast && /usr/bin/gmake  -f CMakeFiles/cmTC_4133e.dir/build.make CMakeFiles/cmTC_4133e.dir/build
gmake[1]: Entering directory '/home/nikonoff/dev/DCSA/libhv-http/build/CMakeFiles/CMakeTmp'
Building C object CMakeFiles/cmTC_4133e.dir/CheckSymbolExists.c.o
/usr/bin/cc    -o CMakeFiles/cmTC_4133e.dir/CheckSymbolExists.c.o -c /home/nikonoff/dev/DCSA/libhv-http/build/CMakeFiles/CMakeTmp/CheckSymbolExists.c
/home/nikonoff/dev/DCSA/libhv-http/build/CMakeFiles/CMakeTmp/CheckSymbolExists.c: In function ‘main’:
/home/nikonoff/dev/DCSA/libhv-http/build/CMakeFiles/CMakeTmp/CheckSymbolExists.c:8:19: error: ‘strlcat’ undeclared (first use in this function); did you mean ‘strncat’?
    8 |   return ((int*)(&strlcat))[argc];
      |                   ^~~~~~~
      |                   strncat
/home/nikonoff/dev/DCSA/libhv-http/build/CMakeFiles/CMakeTmp/CheckSymbolExists.c:8:19: note: each undeclared identifier is reported only once for each function it appears in
gmake[1]: *** [CMakeFiles/cmTC_4133e.dir/build.make:78: CMakeFiles/cmTC_4133e.dir/CheckSymbolExists.c.o] Error 1
gmake[1]: Leaving directory '/home/nikonoff/dev/DCSA/libhv-http/build/CMakeFiles/CMakeTmp'
gmake: *** [Makefile:127: cmTC_4133e/fast] Error 2


File /home/nikonoff/dev/DCSA/libhv-http/build/CMakeFiles/CMakeTmp/CheckSymbolExists.c:
/* */
#include <string.h>

int main(int argc, char** argv)
{
  (void)argv;
#ifndef strlcat
  return ((int*)(&strlcat))[argc];
#else
  (void)argc;
  return 0;
#endif
}
Determining if the setproctitle exist failed with the following output:
Change Dir: /home/nikonoff/dev/DCSA/libhv-http/build/CMakeFiles/CMakeTmp

Run Build Command(s):/usr/bin/gmake -f Makefile cmTC_259e1/fast && /usr/bin/gmake  -f CMakeFiles/cmTC_259e1.dir/build.make CMakeFiles/cmTC_259e1.dir/build
gmake[1]: Entering directory '/home/nikonoff/dev/DCSA/libhv-http/build/CMakeFiles/CMakeTmp'
Building C object CMakeFiles/cmTC_259e1.dir/CheckSymbolExists.c.o
/usr/bin/cc    -o CMakeFiles/cmTC_259e1.dir/CheckSymbolExists.c.o -c /home/nikonoff/dev/DCSA/libhv-http/build/CMakeFiles/CMakeTmp/CheckSymbolExists.c
/home/nikonoff/dev/DCSA/libhv-http/build/CMakeFiles/CMakeTmp/CheckSymbolExists.c: In function ‘main’:
/home/nikonoff/dev/DCSA/libhv-http/build/CMakeFiles/CMakeTmp/CheckSymbolExists.c:8:19: error: ‘setproctitle’ undeclared (first use in this function)
    8 |   return ((int*)(&setproctitle))[argc];
      |                   ^~~~~~~~~~~~
/home/nikonoff/dev/DCSA/libhv-http/build/CMakeFiles/CMakeTmp/CheckSymbolExists.c:8:19: note: each undeclared identifier is reported only once for each function it appears in
gmake[1]: *** [CMakeFiles/cmTC_259e1.dir/build.make:78: CMakeFiles/cmTC_259e1.dir/CheckSymbolExists.c.o] Error 1
gmake[1]: Leaving directory '/home/nikonoff/dev/DCSA/libhv-http/build/CMakeFiles/CMakeTmp'
gmake: *** [Makefile:127: cmTC_259e1/fast] Error 2


File /home/nikonoff/dev/DCSA/libhv-http/build/CMakeFiles/CMakeTmp/CheckSymbolExists.c:
/* */
#include <unistd.h>

int main(int argc, char** argv)
{
  (void)argv;
#ifndef setproctitle
  return ((int*)(&setproctitle))[argc];
#else
  (void)argc;
  return 0;
#endif
}
